[INFO] Scanning for projects...
[INFO] 
[INFO] --------------< com.hybridcucumber.qa:CucumberBDDHybrid >---------------
[INFO] Building CucumberBDDHybrid 1.0-SNAPSHOT
[INFO]   from pom.xml
[INFO] --------------------------------[ jar ]---------------------------------
[INFO] 
[INFO] --- clean:3.2.0:clean (default-clean) @ CucumberBDDHybrid ---
[INFO] Deleting /home/nuzrah/.jenkins/workspace/CucumberHybridDemoPipeline@2/target
[INFO] 
[INFO] --- resources:3.3.1:resources (default-resources) @ CucumberBDDHybrid ---
[INFO] skip non existing resourceDirectory /home/nuzrah/.jenkins/workspace/CucumberHybridDemoPipeline@2/src/main/resources
[INFO] 
[INFO] --- compiler:3.11.0:compile (default-compile) @ CucumberBDDHybrid ---
[INFO] Changes detected - recompiling the module! :source
[INFO] Compiling 6 source files with javac [debug target 17] to target/classes
[INFO] 
[INFO] --- resources:3.3.1:testResources (default-testResources) @ CucumberBDDHybrid ---
[INFO] Copying 4 resources from src/test/resources to target/test-classes
[INFO] 
[INFO] --- compiler:3.11.0:testCompile (default-testCompile) @ CucumberBDDHybrid ---
[INFO] Changes detected - recompiling the module! :dependency
[INFO] Compiling 5 source files with javac [debug target 17] to target/test-classes
[INFO] 
[INFO] --- surefire:3.1.2:test (default-test) @ CucumberBDDHybrid ---
[INFO] Using auto detected provider org.apache.maven.surefire.testng.TestNGProvider
[INFO] 
[INFO] -------------------------------------------------------
[INFO]  T E S T S
[INFO] -------------------------------------------------------
[INFO] Running TestSuite
SLF4J: Failed to load class "org.slf4j.impl.StaticLoggerBinder".
SLF4J: Defaulting to no-operation (NOP) logger implementation
SLF4J: See http://www.slf4j.org/codes.html#StaticLoggerBinder for further details.

@regression @smoke @loginNegativeTests
Scenario: Login with empty credentials                                                # src/test/resources/features/Login.feature:43

--------------------------------[ Start of Scenario ]---------------------------------

Aug 13, 2023 9:49:19 PM org.openqa.selenium.remote.service.DriverService$Builder getLogOutput
INFO: Driver logs no longer sent to console by default; https://www.selenium.dev/documentation/webdriver/drivers/service/#setting-log-output
Aug 13, 2023 9:49:21 PM org.openqa.selenium.devtools.CdpVersionFinder findNearestMatch
WARNING: Unable to find an exact match for CDP version 115, so returning the closest version found: 114
  Given User navigates to login modal                                                 # stepdefinitions.LoginTest.userNavigatesToLoginModal()
  When User does not enter email into email field                                     # stepdefinitions.LoginTest.userDoesNotEnterEmailIntoEmailField()
  And User does not enter password into password field                                # stepdefinitions.LoginTest.userDoesNotEnterPasswordIntoPasswordField()
  And User clicks on the Sign In button                                               # stepdefinitions.LoginTest.userClicksOnTheSignInButton()
  Then User is prompted with a Warning Message related to Required Fields being empty # stepdefinitions.LoginTest.userIsPromptedWithAWarningMessageRelatedToRequiredFieldsBeingEmpty()

---------------------------------[ End of Scenario ]----------------------------------

┌──────────────────────────────────────────────────────────────────────────┐
│ View your Cucumber Report at:                                            │
│ https://reports.cucumber.io/reports/6c84f20d-4c06-4242-bf18-e74d4e2796a9 │
│                                                                          │
│ This report will self-destruct in 24h.                                   │
│ Keep reports forever: https://reports.cucumber.io/profile                │
└──────────────────────────────────────────────────────────────────────────┘[INFO] Tests run: 1, Failures: 0, Errors: 0, Skipped: 0, Time elapsed: 50.94 s -- in TestSuite
[INFO] 
[INFO] Results:
[INFO] 
[INFO] Tests run: 1, Failures: 0, Errors: 0, Skipped: 0
[INFO] 
[INFO] ------------------------------------------------------------------------
[INFO] BUILD SUCCESS
[INFO] ------------------------------------------------------------------------
[INFO] Total time:  01:01 min
[INFO] Finished at: 2023-08-13T21:50:03+05:30
[INFO] ------------------------------------------------------------------------
